 50000 1714259242.888963981 1714259243.258184258 1714259244.423442364
 51000 1714259244.427101864 1714259244.810217012 1714259246.083313223
 52000 1714259246.086528223 1714259246.476064662 1714259247.760587823
 53000 1714259247.764231813 1714259248.161426832 1714259249.429472373
 54000 1714259249.434032433 1714259249.847702643 1714259251.134475824
 55000 1714259251.138799254 1714259251.558695534 1714259252.833218675
 56000 1714259252.837541885 1714259253.271078926 1714259254.508220085
 57000 1714259254.511385555 1714259254.943301026 1714259256.207764866
 58000 1714259256.211336296 1714259256.657003397 1714259257.953008979
 59000 1714259257.956773679 1714259258.410475131 1714259259.695715882
 60000 1714259259.698996592 1714259260.153746934 1714259261.423514835
 61000 1714259261.426759385 1714259261.889237747 1714259263.157472357
 62000 1714259263.160755977 1714259263.629893790 1714259264.868028199
 63000 1714259264.871300589 1714259265.350141372 1714259266.558996029
 64000 1714259266.562463880 1714259267.056572123 1714259268.285685132
 65000 1714259268.289917572 1714259268.785713816 1714259270.046961866
 66000 1714259270.050656216 1714259270.555058650 1714259271.874325063
 67000 1714259271.877985553 1714259272.389765318 1714259273.679923969
 68000 1714259273.684277189 1714259274.211491064 1714259275.511144726
 69000 1714259275.514815767 1714259276.046408052 1714259277.283334331
 70000 1714259277.286621511 1714259277.830920457 1714259279.068327366
 71000 1714259279.071207736 1714259279.613626292 1714259280.808184899
 72000 1714259280.811031509 1714259281.373639726 1714259282.664049137
 73000 1714259282.667689188 1714259283.243494415 1714259284.490940055
 74000 1714259284.494644295 1714259285.063429082 1714259286.315690792
 75000 1714259286.319705102 1714259286.908675070 1714259288.157323129
 76000 1714259288.161039550 1714259288.746515847 1714259289.974375156
 77000 1714259289.978752856 1714259290.574397395 1714259291.860749446
 78000 1714259291.864415886 1714259292.490469606 1714259293.793223428
 79000 1714259293.796891228 1714259294.423567848 1714259295.716656070
 80000 1714259295.720335240 1714259296.341501310 1714259297.582049089
 81000 1714259297.585403949 1714259298.211070249 1714259299.498042080
 82000 1714259299.501362090 1714259300.145167121 1714259301.449583133
 83000 1714259301.453707423 1714259302.118455165 1714259303.392511656
 84000 1714259303.396593506 1714259304.047074257 1714259305.346360439
 85000 1714259305.350018509 1714259306.099043505 1714259307.386383676
 86000 1714259307.390333726 1714259308.069054529 1714259309.361514890
 87000 1714259309.365483001 1714259310.059524274 1714259311.218493109
 88000 1714259311.222836589 1714259311.913749852 1714259313.201700054
 89000 1714259313.205475184 1714259313.908227097 1714259315.250152551
 90000 1714259315.253933741 1714259315.957803215 1714259317.221194625
 91000 1714259317.224407635 1714259317.936050479 1714259319.260344452
 92000 1714259319.264000173 1714259319.983910887 1714259321.273527068
 93000 1714259321.276776689 1714259322.009915564 1714259323.314711706
 94000 1714259323.317971016 1714259324.063766802 1714259325.318075901
 95000 1714259325.321758552 1714259326.070237427 1714259327.158575899
 96000 1714259327.162925389 1714259327.920048575 1714259329.016231148
 97000 1714259329.019421638 1714259329.785175294 1714259330.814288973
 98000 1714259330.818803274 1714259331.584581210 1714259332.765573836
 99000 1714259332.768766337 1714259333.545394014 1714259334.812019774
 100000 1714259334.815694304 1714259335.598059162 1714259336.796554969
 101000 1714259336.799760339 1714259337.591014067 1714259338.848576927
 102000 1714259338.852172577 1714259339.657082965 1714259340.799012580
 103000 1714259340.802467030 1714259341.607791178 1714259342.830847756
 104000 1714259342.834718997 1714259343.648800195 1714259344.739968247
 105000 1714259344.743375058 1714259345.573380027 1714259346.736231643
 106000 1714259346.740665283 1714259347.586441243 1714259348.784416060
 107000 1714259348.787707640 1714259349.629484111 1714259350.776072785
 108000 1714259350.779851685 1714259351.638036816 1714259352.818071153
 109000 1714259352.822176143 1714259353.681468654 1714259354.914940433
 110000 1714259354.918447133 1714259355.784521814 1714259356.852505255
 111000 1714259356.856303555 1714259357.734756687 1714259358.848087270
 112000 1714259358.851384470 1714259359.736037473 1714259360.987698022
 113000 1714259360.990903982 1714259361.876954845 1714259362.931191955
 114000 1714259362.934443235 1714259363.844438418 1714259364.964939382
 115000 1714259364.968107022 1714259365.884908366 1714259366.975133658
 116000 1714259366.978989478 1714259367.900641302 1714259369.187877113
 117000 1714259369.191609823 1714259370.126666788 1714259371.205939349
 118000 1714259371.208816610 1714259372.140240984 1714259373.228919336
 119000 1714259373.232347206 1714259374.177115081 1714259375.253597572
 120000 1714259375.257227733 1714259376.227515749 1714259377.374646724
 121000 1714259377.378697594 1714259378.332553459 1714259379.647466992
 122000 1714259379.651149332 1714259380.608843788 1714259381.793669974
 123000 1714259381.797942785 1714259382.772159391 1714259384.028231821
 124000 1714259384.031921751 1714259385.006370667 1714259386.031260076
 125000 1714259386.034753407 1714259387.018482913 1714259388.161313888
 126000 1714259388.165534428 1714259389.158122345 1714259390.279033339
 127000 1714259390.283323919 1714259391.282865757 1714259392.408152640
 128000 1714259392.411608411 1714259393.423522089 1714259394.523358971
 129000 1714259394.527204001 1714259395.543082300 1714259396.633523942
 130000 1714259396.636852812 1714259397.666226861 1714259398.783357754
 131000 1714259398.786423825 1714259399.965760151 1714259401.202565760
 132000 1714259401.206141120 1714259402.259556090 1714259403.410242645
 133000 1714259403.414286595 1714259404.460615705 1714259405.589875269
 134000 1714259405.592799219 1714259406.657863600 1714259407.756040702
 135000 1714259407.759682352 1714259408.836894114 1714259409.950737887
 136000 1714259409.954445907 1714259411.049743289 1714259412.245759756
 137000 1714259412.249579607 1714259413.338367578 1714259414.563299067
 138000 1714259414.566582637 1714259415.662342329 1714259416.920781389
 139000 1714259416.924870839 1714259418.041583913 1714259419.252397920
 140000 1714259419.255180811 1714259420.381413104 1714259421.539551630
 141000 1714259421.542760830 1714259422.670122503 1714259423.801483687
 142000 1714259423.805593918 1714259424.934845281 1714259426.116420018
 143000 1714259426.120284598 1714259427.268032213 1714259428.405879817
 144000 1714259428.409740527 1714259429.572125543 1714259430.674414215
 145000 1714259430.678298485 1714259431.833105680 1714259432.896465651
 146000 1714259432.899727331 1714259434.065671167 1714259435.236562563
 147000 1714259435.240174583 1714259436.413756789 1714259437.682481229
 148000 1714259437.686865709 1714259438.870320756 1714259440.126540186
 149000 1714259440.130107606 1714259441.319194823 1714259442.562594362
 150000 1714259442.566212192 1714259443.767732279 1714259445.008474519
 151000 1714259445.012719089 1714259446.225573157 1714259447.530033269
 152000 1714259447.534481979 1714259448.745922987 1714259450.099716691
 153000 1714259450.102995582 1714259451.319408450 1714259452.717377896
 154000 1714259452.720593836 1714259453.965955486 1714259455.126988171
 155000 1714259455.130751471 1714259456.379611821 1714259457.523172505
 156000 1714259457.526412766 1714259458.794680246 1714259460.029583765
 157000 1714259460.033888945 1714259461.370047279 1714259462.567162136
 158000 1714259462.572006126 1714259463.846080677 1714259465.005630392
 159000 1714259465.008821212 1714259466.284412953 1714259467.394812576
 160000 1714259467.398119756 1714259468.692500768 1714259469.958792318
 161000 1714259469.962606199 1714259471.246919630 1714259472.351030532
 162000 1714259472.355160963 1714259473.655695655 1714259474.717374075
 163000 1714259474.721212555 1714259476.029795458 1714259477.044321996
 164000 1714259477.047201826 1714259478.397362821 1714259479.561866616
 165000 1714259479.565600136 1714259480.888349440 1714259482.112346758
 166000 1714259482.116121708 1714259483.439910481 1714259484.672792400
 167000 1714259484.677026640 1714259486.023143134 1714259487.170078199
 168000 1714259487.173835679 1714259488.526340384 1714259489.786739224
 169000 1714259489.790380564 1714259491.142242058 1714259492.254338341
 170000 1714259492.257617722 1714259493.621562097 1714259494.925062519
 171000 1714259494.928679629 1714259496.297023964 1714259497.555114914
 172000 1714259497.558538894 1714259498.929733500 1714259500.233622472
 173000 1714259500.237730722 1714259501.635909109 1714259502.787711934
 174000 1714259502.791510314 1714259504.178275550 1714259505.309913954
 175000 1714259505.314099294 1714259506.708735641 1714259507.749537070
 176000 1714259507.752934471 1714259509.169988148 1714259510.408989007
 177000 1714259510.413006817 1714259511.832483645 1714259513.139759617
 178000 1714259513.143385808 1714259514.583087736 1714259515.821599205
 179000 1714259515.824963815 1714259517.283274655 1714259518.404810568
 180000 1714259518.409190109 1714259519.867215658 1714259521.028668254
 181000 1714259521.032313944 1714259522.485978193 1714259523.770218514
 182000 1714259523.774228504 1714259525.239083524 1714259526.416868640
 183000 1714259526.421003131 1714259527.897636821 1714259529.199745683
 184000 1714259529.204218263 1714259530.670805403 1714259531.724662054
 185000 1714259531.728365364 1714259533.232916345 1714259534.324629688
 186000 1714259534.328350998 1714259535.812719598 1714259536.966942584
 187000 1714259536.970339344 1714259538.487593706 1714259539.539401616
 188000 1714259539.543297726 1714259541.053717148 1714259542.155395411
 189000 1714259542.158866841 1714259543.680634414 1714259544.909237092
 190000 1714259544.913499582 1714259546.440441855 1714259547.707840036
 191000 1714259547.712082146 1714259549.243876409 1714259550.430744936
 192000 1714259550.435194546 1714259551.966107169 1714259553.295823192
 193000 1714259553.299654232 1714259554.848901226 1714259556.231151962
 194000 1714259556.234433572 1714259557.793380987 1714259559.163891442
 195000 1714259559.168176102 1714259560.750327468 1714259562.018161658
 196000 1714259562.021953078 1714259563.588946903 1714259564.792243330
 197000 1714259564.796569121 1714259566.374823586 1714259567.777507393
 198000 1714259567.781817533 1714259569.371688299 1714259570.659258200
 199000 1714259570.662711270 1714259572.274898557 1714259573.573621449
 200000 1714259573.577569139 1714259575.195951466 1714259576.374932413
